<?xml version="1.0" encoding="UTF-8"?>
<!-- Generated by org.testng.reporters.JUnitReportReporter -->
<testsuite hostname="4-ME" failures="0" tests="1" name="tests.Webtable" time="0.397" errors="0" timestamp="30 May 2022 01:40:14 GMT" skipped="0">
  <testcase classname="tests.Webtable" name="validate_Country" time="0.397"/>
</testsuite> <!-- tests.Webtable -->
