<?xml version="1.0" encoding="UTF-8"?>
<!-- Generated by org.testng.reporters.JUnitReportReporter -->
<testsuite hostname="4-ME" failures="0" tests="2" name="tests.Book_Store" time="0.611" errors="0" timestamp="30 May 2022 01:40:57 GMT" skipped="0">
  <testcase classname="tests.Book_Store" name="display_title" time="0.328"/>
  <testcase classname="tests.Book_Store" name="display_title3" time="0.283"/>
</testsuite> <!-- tests.Book_Store -->
